[server:Sea Attack] flag?=1000 x=182 y=545
[server:Lobby Connect] 4  20 0 32 b'\x00\x17\x89b\x00\xb0"\n \x00*\n\x02`'
[server:Sea Attack] flag?=1000 x=198 y=319
[server:Sea Attack] flag?=1000 x=167 y=226
[server:Sea Attack] flag?=1000 x=309 y=205
[server:Sea Attack] flag?=1000 x=296 y=145
[server:Sea Attack] flag?=1000 x=264 y=316
[server:Sea Attack] flag?=1000 x=301 y=432
[server:Sea Attack] flag?=1000 x=195 y=504
[server:Sea Attack] flag?=1000 x=99 y=426
[server:Sea Attack] flag?=1000 x=327 y=512
[server:Sea Attack] flag?=1000 x=587 y=458
[server:Sea Attack] flag?=1000 x=638 y=351
[server:Sea Attack] flag?=1000 x=572 y=255
[server:Sea Attack] flag?=1000 x=506 y=363
[server:Sea Attack] flag?=1000 x=426 y=472
[server:Sea Attack] flag?=1000 x=470 y=589
[server:Sea Attack] flag?=1000 x=648 y=581
[server:Sea Attack] flag?=1000 x=742 y=498
[server:Sea Attack] flag?=1000 x=494 y=496
[server:Sea Attack] flag?=1000 x=593 y=607
[server:Sea Attack] flag?=1000 x=716 y=584
[server:Sea Attack] flag?=1000 x=502 y=507
[server:Sea Attack] flag?=1000 x=418 y=428
[server:Sea Attack] flag?=1000 x=290 y=363
[server:Sea Attack] flag?=1000 x=483 y=338
[server:Sea Attack] flag?=1000 x=587 y=365
[server:Sea Attack] flag?=1000 x=710 y=346
[server:Lobby Connect] 4  20 0 32 b'\x00\x17\x89b\x00\xb0"\n \x00*\n\x02`'
[server:Lobby Connect] 4  20 0 32 b'\x00\x17\x89b\x00\xb0"\n \x00*\n\x02`'
[server:Lobby Connect] 4  20 0 32 b'\x00\x17\x89b\x00\xb0"\n \x00*\n\x02`'
[server:Lobby Connect] 4  20 0 32 b'\x00\x17\x89b\x00\xb0"\n \x00*\n\x02`'
[server:Lobby Connect] 5  20 0 32 b'\x00\x17\x89b\x00\xb0"\n \x00*\n\x02`'
[server:Lobby Connect] 5  20 0 32 b'\x00\x17\x89b\x00\xb0"\n \x00*\n\x02`'
[server:Sea Attack] flag?=1000 x=476 y=398
[server:Sea Attack] flag?=1000 x=510 y=353
[server:Sea Attack] flag?=1000 x=499 y=315
[server:Sea Attack] flag?=1000 x=443 y=351
[server:Sea Attack] flag?=1000 x=535 y=399
[server:Sea Attack] flag?=1000 x=571 y=343
[server:Sea Attack] flag?=1000 x=445 y=398
[server:Sea Attack] flag?=1000 x=489 y=432
[server:Sea Attack] flag?=1000 x=525 y=465
[server:Sea Attack] flag?=1000 x=401 y=355
[server:Sea Attack] flag?=1000 x=374 y=401
[server:Sea Attack] flag?=1000 x=389 y=440
[server:Sea Attack] flag?=1000 x=443 y=255
[server:Sea Attack] flag?=1000 x=481 y=271
[server:Sea Attack] flag?=1000 x=480 y=332
[server:Sea Attack] flag?=1000 x=601 y=302
[server:Sea Attack] flag?=1000 x=603 y=339
[server:Sea Attack] flag?=1000 x=550 y=330
[server:Sea Attack] flag?=1000 x=540 y=314
[server:Sea Attack] flag?=1000 x=528 y=297
[server:Sea Attack] flag?=1000 x=384 y=294
[server:Sea Attack] flag?=1000 x=462 y=346
[server:Lobby Connect] 5  20 0 32 b'\x00\x17\x89b\x00\xb0"\n \x00*\n\x02`'
[server:Lobby Connect] 5  20 0 32 b'\x00\x17\x89b\x00\xb0"\n \x00*\n\x02`'
[server:Sea Attack] flag?=1000 x=212 y=472
[server:Sea Attack] flag?=1000 x=169 y=497
[server:Sea Attack] flag?=1000 x=201 y=519
[server:Sea Attack] flag?=1000 x=390 y=533
[server:Sea Attack] flag?=1000 x=507 y=409
[server:Sea Attack] flag?=1000 x=360 y=243
[server:Sea Attack] flag?=1000 x=169 y=289
[server:Sea Attack] flag?=1000 x=179 y=319
[server:Sea Attack] flag?=1000 x=637 y=169
[server:Sea Attack] flag?=1000 x=706 y=240
[server:Sea Attack] flag?=1000 x=714 y=424
[server:Sea Attack] flag?=1000 x=684 y=580
[server:Sea Attack] flag?=1000 x=541 y=705
[server:Sea Attack] flag?=1000 x=354 y=699
[server:Sea Attack] flag?=1000 x=301 y=708
[server:Sea Attack] flag?=1000 x=231 y=715
[server:Sea Attack] flag?=1000 x=185 y=643
[server:Sea Attack] flag?=1000 x=112 y=604
[server:Sea Attack] flag?=1000 x=41 y=609
[server:Sea Attack] flag?=1000 x=80 y=672
[server:Sea Attack] flag?=1000 x=190 y=767
[server:Sea Attack] flag?=1000 x=345 y=592
[server:Sea Attack] flag?=1000 x=429 y=646
[server:Sea Attack] flag?=1000 x=543 y=667
[server:Sea Attack] flag?=1000 x=459 y=598
[server:Lobby Connect] 5  20 0 32 b'\x00\x17\x89b\x00\xb0"\n \x00*\n\x02`'
[server:Sea Attack] flag?=1000 x=326 y=519
[server:Sea Attack] flag?=1000 x=231 y=474
[server:Sea Attack] flag?=1000 x=303 y=394
[server:Sea Attack] flag?=1000 x=382 y=438
[server:Sea Attack] flag?=1000 x=401 y=502
[server:Sea Attack] flag?=1000 x=310 y=481
[server:Sea Attack] flag?=1000 x=151 y=490
[server:Sea Attack] flag?=1000 x=125 y=423
[server:Sea Attack] flag?=1000 x=144 y=364
[server:Sea Attack] flag?=1000 x=231 y=329
[server:Sea Attack] flag?=1000 x=404 y=333
[server:Sea Attack] flag?=1000 x=533 y=362
[server:Sea Attack] flag?=1000 x=550 y=425
[server:Sea Attack] flag?=1000 x=380 y=356
[server:Sea Attack] flag?=1000 x=513 y=509
[server:Sea Attack] flag?=1000 x=640 y=529
[server:Sea Attack] flag?=1000 x=498 y=581
[server:Sea Attack] flag?=1000 x=349 y=591
[server:Sea Attack] flag?=1000 x=296 y=516
[server:Sea Attack] flag?=1000 x=397 y=140
[server:Sea Attack] flag?=1000 x=254 y=93
[server:Sea Attack] flag?=1000 x=529 y=100
[server:Sea Attack] flag?=1000 x=238 y=105
[server:Lobby Connect] 5  20 0 32 b'\x00\x17\x89b\x00\xb0"\n \x00*\n\x02`'
[server:Lobby Connect] 5  20 0 32 b'\x00\x17\x89b\x00\xb0"\n \x00*\n\x02`'
[server:Sea Attack] flag?=1000 x=359 y=82
[server:Sea Attack] flag?=1000 x=381 y=91
[server:Sea Attack] flag?=1000 x=377 y=124
[server:Sea Attack] flag?=1000 x=389 y=170
[server:Lobby Connect] 5  20 0 32 b'\x00\x17\x89b\x00\xb0"\n \x00*\n\x02`'
[server:Sea Attack] flag?=1000 x=307 y=436
[server:Lobby Connect] 5  20 0 32 b'\x00\x17\x89b\x00\xb0"\n \x00*\n\x02`'
[server:Sea Attack] flag?=1000 x=667 y=268
[server:Lobby Connect] 5  20 0 32 b'\x00\x17\x89b\x00\xb0"\n \x00*\n\x02`'
[server:Sea Attack] flag?=1000 x=405 y=468
[server:Sea Attack] flag?=1000 x=449 y=466
[server:Sea Attack] flag?=1000 x=486 y=499
[server:Sea Attack] flag?=1000 x=567 y=498
[server:Sea Attack] flag?=1000 x=532 y=642
[server:Sea Attack] flag?=1000 x=552 y=699
[server:Sea Attack] flag?=1000 x=558 y=833
[server:Sea Attack] flag?=1000 x=464 y=842
[server:Sea Attack] flag?=1000 x=578 y=114
[server:Sea Attack] flag?=1000 x=467 y=365
[server:Sea Attack] flag?=1000 x=413 y=391
[server:Sea Attack] flag?=1000 x=404 y=496
[server:Sea Attack] flag?=1000 x=415 y=565
[server:Sea Attack] flag?=1000 x=475 y=582
[server:Sea Attack] flag?=1000 x=515 y=619
[server:Sea Attack] flag?=1000 x=501 y=665
[server:Sea Attack] flag?=1000 x=438 y=325
[server:Lobby Connect] 5  20 0 32 b'\x00\x17\x89b\x00\xb0"\n \x00*\n\x02`'
[server:Sea Attack] flag?=1000 x=579 y=492
[server:Sea Attack] flag?=1000 x=676 y=425
[server:Sea Attack] flag?=1000 x=807 y=435
[server:Sea Attack] flag?=1000 x=785 y=456
[server:Sea Attack] flag?=1000 x=786 y=502
[server:Sea Attack] flag?=1000 x=865 y=521
[server:Sea Attack] flag?=1000 x=898 y=411
[server:Sea Attack] flag?=1000 x=749 y=458
[server:Sea Attack] flag?=1000 x=783 y=470
[server:Sea Attack] flag?=1000 x=819 y=498
[server:Sea Attack] flag?=1000 x=863 y=522
[server:Sea Attack] flag?=1000 x=775 y=464
[server:Sea Attack] flag?=1000 x=639 y=565
[server:Sea Attack] flag?=1000 x=566 y=580
[server:Sea Attack] flag?=1000 x=541 y=564
[server:Lobby Connect] 5  20 0 32 b'\x00\x17\x89b\x00\xb0"\n \x00*\n\x02`'
[server:Sea Attack] flag?=1000 x=568 y=186
[server:Sea Attack] flag?=1000 x=726 y=103
[server:Sea Attack] flag?=1000 x=572 y=129
[server:Sea Attack] flag?=1000 x=743 y=131
[server:Sea Attack] flag?=1000 x=731 y=293
[server:Sea Attack] flag?=1000 x=681 y=97
[server:Sea Attack] flag?=1000 x=713 y=586
[server:Sea Attack] flag?=1000 x=686 y=735
[server:Sea Attack] flag?=1000 x=686 y=735
[server:Sea Attack] flag?=1000 x=696 y=606
[server:Sea Attack] flag?=1000 x=715 y=632
[server:Sea Attack] flag?=1000 x=671 y=752
[server:Sea Attack] flag?=1000 x=708 y=759
[server:Sea Attack] flag?=1000 x=698 y=684
[server:Sea Attack] flag?=79 x=405 y=569
[server:Sea Attack] flag?=79 x=418 y=564
[server:Sea Attack] flag?=79 x=401 y=577
[server:Sea Attack] flag?=487 x=379 y=594
[server:Sea Attack] flag?=85 x=401 y=590
[server:Sea Attack] flag?=85 x=359 y=574
[server:Sea Attack] flag?=85 x=352 y=564
[server:Sea Attack] flag?=1000 x=374 y=558
[server:Sea Attack] flag?=518 x=305 y=256
[server:Sea Attack] flag?=518 x=267 y=301
[server:Sea Attack] flag?=518 x=388 y=262
[server:Sea Attack] flag?=518 x=234 y=433
[server:Sea Attack] flag?=518 x=237 y=433
[server:Sea Attack] flag?=518 x=241 y=433
[server:Sea Attack] flag?=518 x=247 y=436
[server:Sea Attack] flag?=518 x=249 y=412
[server:Sea Attack] flag?=518 x=251 y=413
[server:Sea Attack] flag?=518 x=469 y=276
[server:Sea Attack] flag?=518 x=471 y=277
[server:Sea Attack] flag?=518 x=470 y=280
[server:Sea Attack] flag?=518 x=264 y=460
[server:Sea Attack] flag?=518 x=280 y=496
[server:Lobby Connect] 6  20 0 32 b'\x00\x17\x89b\x00\xb0"\n \x00*\n\x02`'
[server:Lobby Connect] 6  20 0 32 b'\x00\x17\x89b\x00\xb0"\n \x00*\n\x02`'
[server:Sea Attack] flag?=1000 x=505 y=470
[server:Sea Attack] flag?=1000 x=718 y=242
[server:Sea Attack] flag?=1000 x=628 y=509
[server:Sea Attack] flag?=1000 x=365 y=507
[server:Sea Attack] flag?=1000 x=557 y=708
[server:Sea Attack] flag?=1000 x=776 y=293
[server:Sea Attack] flag?=1000 x=740 y=295
[server:Sea Attack] flag?=1000 x=769 y=293
[server:Sea Attack] flag?=1000 x=753 y=275
[server:Sea Attack] flag?=1000 x=721 y=167
[server:Sea Attack] flag?=1000 x=769 y=334
[server:Sea Attack] flag?=1000 x=602 y=374
[server:Sea Attack] flag?=1000 x=458 y=455
[server:Sea Attack] flag?=1000 x=204 y=349
[server:Sea Attack] flag?=1000 x=684 y=298
[server:Lobby Connect] 6  20 0 32 b'\x00\x17\x89b\x00\xb0"\n \x00*\n\x02`'
[server:Lobby Connect] 18  20 0 32 b'\x00\x17\x89b\x00\xb0"\n \x00*\n\x02`'
[server:Sea Attack] flag?=1000 x=816 y=392
[server:Sea Attack] flag?=1000 x=1039 y=203
[server:Sea Attack] flag?=1000 x=643 y=441
[server:Sea Attack] flag?=1000 x=1050 y=183
[server:Lobby Connect] 18  20 0 32 b'\x00\x17\x89b\x00\xb0"\n \x00*\n\x02`'
[server:Sea Attack] flag?=1000 x=844 y=501
[server:Sea Attack] flag?=1000 x=764 y=188
[server:Sea Attack] flag?=1000 x=621 y=421
[server:Sea Attack] count=135 player_id=44 
[server:Sea Attack] count=135 player_id=44 
[server:Sea Attack] count=1000 player_id=44 
[server:Sea Attack] count=102 player_id=44 
[server:Sea Attack] count=102 player_id=44 
[server:Sea Attack] count=102 player_id=44 
[server:Sea Attack] count=102 player_id=44 
[server:Sea Attack] count=102 player_id=109 
[server:Sea Attack] count=102 player_id=44 
[server:Sea Attack] count=102 player_id=115 
[server:Sea Attack] count=102 player_id=44 
[server:Sea Attack] count=102 player_id=429 
[server:Sea Attack] count=102 player_id=35 
[server:Sea Attack] count=102 player_id=35 
[server:Sea Attack] count=102 player_id=429 
[server:Sea Attack] count=102 player_id=35 
[server:Sea Attack] count=102 player_id=313 
[server:Sea Attack] count=102 player_id=230 
[server:Sea Attack] count=102 player_id=230 
[server:Sea Attack] count=102 player_id=230 
[server:Sea Attack] count=102 player_id=207 
[server:Sea Attack] count=102 player_id=328 
[server:Sea Attack] count=102 player_id=35 
[server:Sea Attack] count=102 player_id=322 
[server:Sea Attack] count=102 player_id=363 
[server:Sea Attack] count=102 player_id=361 
[server:Sea Attack] count=102 player_id=207 
[server:Sea Attack] count=102 player_id=322 
[server:Sea Attack] count=102 player_id=355 
[server:Sea Attack] count=102 player_id=216 
[server:Sea Attack] count=102 player_id=414 
[server:Sea Attack] count=102 player_id=366 
[server:Sea Attack] count=102 player_id=328 
[server:Sea Attack] count=102 player_id=414 
[server:Sea Attack] count=102 player_id=414 
[server:Sea Attack] count=102 player_id=33 
[server:Sea Attack] count=102 player_id=404 
[server:Sea Attack] count=102 player_id=430 
[server:Sea Attack] count=102 player_id=430 
[server:Sea Attack] count=102 player_id=33 
[server:Sea Attack] count=102 player_id=33 
[server:Sea Attack] count=102 player_id=33 
[server:Sea Attack] count=102 player_id=33 
[server:Sea Attack] count=102 player_id=33 
[server:Sea Attack] count=102 player_id=33 
[server:Sea Attack] count=102 player_id=33 
[server:Sea Attack] count=1000 player_id=36 
[server:Sea Attack] count=1000 player_id=36 
[server:Sea Attack] count=1000 player_id=36 
[server:Lobby Connect] 19  20 0 32 b'\x00\x17\x89b\x00\xb0"\n \x00*\n\x02`'
[server:Sea Attack] flag?=1000 x=348 y=428
[server:Sea Attack] flag?=1000 x=574 y=301
[server:Sea Attack] count=113 player_id=43 
[server:Sea Attack] count=113 player_id=43 
[server:Sea Attack] count=113 player_id=43 
[server:Sea Attack] count=113 player_id=43 
[server:Sea Attack] count=113 player_id=43 
[server:Sea Attack] count=113 player_id=316 
[server:Sea Attack] count=113 player_id=473 
[server:Sea Attack] count=113 player_id=276 
[server:Sea Attack] count=113 player_id=207 
[server:Sea Attack] count=113 player_id=357 
[server:Sea Attack] count=113 player_id=282 
[server:Sea Attack] count=113 player_id=458 
[server:Sea Attack] count=113 player_id=505 
[server:Sea Attack] count=113 player_id=307 
[server:Sea Attack] count=113 player_id=271 
[server:Sea Attack] count=113 player_id=390 
[server:Sea Attack] count=113 player_id=322 
[server:Sea Attack] count=113 player_id=236 
[server:Sea Attack] count=113 player_id=257 
[server:Sea Attack] count=113 player_id=322 
[server:Sea Attack] count=113 player_id=339 
[server:Sea Attack] count=113 player_id=426 
[server:Sea Attack] count=113 player_id=16 
[server:Sea Attack] count=113 player_id=16 
[server:Sea Attack] count=113 player_id=16 
[server:Sea Attack] count=113 player_id=16 
[server:Sea Attack] count=113 player_id=16 
[server:Sea Attack] count=113 player_id=31 
[server:Sea Attack] flag?=113 x=827 y=565
[server:Sea Attack] flag?=113 x=766 y=497
[server:Sea Attack] count=113 player_id=4 
[server:Sea Attack] count=113 player_id=22 
[server:Sea Attack] count=113 player_id=22 
[server:Sea Attack] count=113 player_id=22 
[server:Sea Attack] count=113 player_id=31 
[server:Sea Attack] count=113 player_id=22 
[server:Sea Attack] count=113 player_id=1 
[server:Sea Attack] count=113 player_id=1 
[server:Sea Attack] count=113 player_id=26 
[server:Sea Attack] count=113 player_id=26 
[server:Sea Attack] count=113 player_id=26 
[server:Sea Attack] count=1000 player_id=24 
[server:Sea Attack] count=1000 player_id=24 
[server:Sea Attack] count=1000 player_id=24 
[server:Sea Attack] count=1000 player_id=24 
[server:Sea Attack] count=1000 player_id=24 
[server:Sea Attack] count=1000 player_id=24 
[server:Sea Attack] count=1000 player_id=24 
[server:Sea Attack] count=1000 player_id=24 
[server:Sea Attack] count=1000 player_id=24 
[server:Sea Attack] count=1000 player_id=24 
[server:Lobby Connect] 19  20 0 32 b'\x00\x17\x89b\x00\xb0"\n \x00*\n\x02`'
[server:Lobby Connect] 19  20 0 32 b'\x00\x17\x89b\x00\xb0"\n \x00*\n\x02`'
[server:Lobby Connect] 19  20 0 32 b'\x00\x17\x89b\x00\xb0"\n \x00*\n\x02`'
[server:Lobby Connect] 20  20 0 32 0017896200b0220a20002a0a0260
[server:Lobby Connect] 16  20 0 32 0017896200b0220a20002a0a0260
[server:Sea Attack] flag?=1000 x=331 y=426
[server:Sea Attack] flag?=1000 x=679 y=980
[server:Land Attack] count=136 player_id=95 
[server:Land Attack] count=136 player_id=95 
[server:Land Attack] count=136 player_id=95 
[server:Land Attack] count=136 player_id=95 
[server:Land Attack] count=136 player_id=372 
[server:Land Attack] count=136 player_id=251 
[server:Land Attack] count=136 player_id=372 
[server:Land Attack] count=136 player_id=65 
[server:Land Attack] count=136 player_id=251 
[server:Land Attack] count=136 player_id=372 
[server:Land Attack] count=136 player_id=65 
[server:Land Attack] count=136 player_id=251 
[server:Land Attack] count=136 player_id=507 
[server:Land Attack] count=136 player_id=80 
[server:Land Attack] count=136 player_id=505 
[server:Land Attack] count=136 player_id=65 
[server:Land Attack] count=136 player_id=507 
[server:Land Attack] count=136 player_id=80 
[server:Land Attack] count=136 player_id=80 
[server:Land Attack] count=136 player_id=16 
[server:Land Attack] count=136 player_id=503 
[server:Land Attack] count=136 player_id=295 
[server:Land Attack] count=136 player_id=80 
[server:Land Attack] count=136 player_id=295 
[server:Land Attack] count=136 player_id=302 
[server:Land Attack] count=136 player_id=80 
[server:Land Attack] count=136 player_id=95 
[server:Land Attack] count=136 player_id=369 
[server:Land Attack] count=136 player_id=450 
[server:Land Attack] count=136 player_id=461 
[server:Land Attack] count=136 player_id=262 
[server:Land Attack] count=136 player_id=369 
[server:Land Attack] count=136 player_id=95 
[server:Land Attack] count=136 player_id=461 
[server:Land Attack] count=136 player_id=49 
[server:Land Attack] count=136 player_id=24 
[server:Land Attack] count=136 player_id=24 
[server:Land Attack] count=136 player_id=24 
[server:Land Attack] count=136 player_id=24 
[server:Land Attack] count=136 player_id=29 
[server:Land Attack] count=136 player_id=29 
[server:Land Attack] count=38 player_id=95 
[server:Land Attack] count=38 player_id=34 
[server:Land Attack] count=77 player_id=51 
[server:Land Attack] count=77 player_id=51 
[server:Land Attack] count=77 player_id=51 
[server:Land Attack] count=77 player_id=51 
[server:Land Attack] count=77 player_id=51 
[server:Land Attack] count=77 player_id=75 
[server:Land Attack] count=77 player_id=75 
[server:Land Attack] count=77 player_id=75 
[server:Land Attack] count=105 player_id=75 
[server:Land Attack] count=105 player_id=95 
[server:Sea Attack] flag?=105 x=566 y=898
[server:Sea Attack] flag?=105 x=598 y=905
[server:Sea Attack] flag?=105 x=637 y=896
[server:Land Attack] count=105 player_id=34 
[server:Land Attack] count=105 player_id=34 
[server:Land Attack] count=105 player_id=34 
[server:Land Attack] count=105 player_id=95 
[server:Land Attack] count=105 player_id=10 
[server:Land Attack] count=105 player_id=10 
[server:Land Attack] count=105 player_id=10 
[server:Land Attack] count=105 player_id=10 
[server:Land Attack] count=105 player_id=10 
[server:Land Attack] count=105 player_id=10 
[server:Sea Attack] flag?=105 x=455 y=778
[server:Sea Attack] flag?=105 x=541 y=682
[server:Sea Attack] flag?=105 x=514 y=1287
[server:Land Attack] count=105 player_id=14 
[server:Land Attack] count=105 player_id=14 
[server:Land Attack] count=105 player_id=14 
[server:Sea Attack] flag?=105 x=508 y=659
[server:Land Attack] count=105 player_id=40 
[server:Sea Attack] flag?=105 x=487 y=682
[server:Land Attack] count=105 player_id=14 
[server:Land Attack] count=105 player_id=14 
[server:Land Attack] count=105 player_id=14 
[server:Land Attack] count=105 player_id=14 
[server:Land Attack] count=105 player_id=12 
[server:Land Attack] count=105 player_id=12 
[server:Land Attack] count=105 player_id=12 
[server:Land Attack] count=105 player_id=12 
[server:Sea Attack] flag?=105 x=378 y=500
[server:Land Attack] count=105 player_id=48 
[server:Land Attack] count=105 player_id=48 
[server:Sea Attack] flag?=105 x=435 y=388
[server:Land Attack] count=105 player_id=241 
[server:Land Attack] count=105 player_id=241 
[server:Land Attack] count=105 player_id=241 
[server:Land Attack] count=105 player_id=241 
[server:Land Attack] count=105 player_id=242 
[server:Sea Attack] flag?=105 x=519 y=230
[server:Sea Attack] flag?=105 x=566 y=153
[server:Sea Attack] flag?=105 x=463 y=124
[server:Land Attack] count=105 player_id=246 
[server:Sea Attack] flag?=105 x=465 y=111
[server:Sea Attack] flag?=105 x=486 y=93
[server:Sea Attack] flag?=105 x=453 y=81
[server:Sea Attack] flag?=105 x=428 y=96
[server:Sea Attack] flag?=105 x=430 y=89
[server:Sea Attack] flag?=105 x=623 y=2
[server:Sea Attack] flag?=105 x=709 y=143
[server:Sea Attack] flag?=105 x=692 y=78
[server:Sea Attack] flag?=105 x=633 y=70
[server:Land Attack] count=105 player_id=242 
[server:Land Attack] count=105 player_id=242 
[server:Land Attack] count=105 player_id=242 
[server:Sea Attack] flag?=105 x=420 y=119
[server:Land Attack] count=105 player_id=242 
[server:Land Attack] count=105 player_id=242 
[server:Sea Attack] flag?=105 x=399 y=143
[server:Sea Attack] flag?=105 x=369 y=163
[server:Sea Attack] flag?=105 x=390 y=168
[server:Sea Attack] flag?=105 x=434 y=213
[server:Sea Attack] flag?=105 x=623 y=335
[server:Sea Attack] flag?=105 x=581 y=357
[server:Sea Attack] flag?=105 x=585 y=387
[server:Sea Attack] flag?=105 x=604 y=389
[server:Sea Attack] flag?=105 x=446 y=234
[server:Sea Attack] flag?=105 x=461 y=242
[server:Land Attack] count=105 player_id=245 
[server:Sea Attack] flag?=105 x=797 y=55
[server:Sea Attack] flag?=105 x=628 y=2
[server:Sea Attack] flag?=105 x=642 y=3
[server:Sea Attack] flag?=105 x=472 y=229
[server:Sea Attack] flag?=105 x=477 y=227
[server:Sea Attack] flag?=105 x=529 y=253
[server:Sea Attack] flag?=105 x=542 y=241
[server:Sea Attack] flag?=105 x=468 y=175
[server:Sea Attack] flag?=105 x=477 y=175
[server:Sea Attack] flag?=105 x=409 y=106
[server:Sea Attack] flag?=105 x=418 y=85
[server:Sea Attack] flag?=105 x=426 y=74
[server:Sea Attack] flag?=105 x=401 y=89
[server:Sea Attack] flag?=105 x=393 y=110
[server:Sea Attack] flag?=105 x=394 y=126
[server:Sea Attack] flag?=105 x=383 y=124
[server:Sea Attack] flag?=105 x=397 y=163
[server:Land Attack] count=105 player_id=43 
[server:Land Attack] count=105 player_id=43 
[server:Land Attack] count=105 player_id=43 
[server:Land Attack] count=105 player_id=43 
[server:Land Attack] count=105 player_id=95 
[server:Sea Attack] flag?=105 x=166 y=34
[server:Sea Attack] flag?=105 x=329 y=107
[server:Sea Attack] flag?=105 x=369 y=99
[server:Sea Attack] flag?=105 x=588 y=680
[server:Sea Attack] flag?=105 x=646 y=757
